<?xml version="1.0" encoding="UTF-8"?>
<!-- Generated by org.testng.reporters.JUnitReportReporter -->
<testsuite hostname="DESKTOP-7SPVVPJ" failures="0" tests="1" name="utils.testng" time="0.018" errors="0" timestamp="2022-01-11T13:57:58 IST" skipped="0">
  <testcase classname="utils.testng" name="test2" time="0.018"/>
  <system-out/>
</testsuite> <!-- utils.testng -->
